#
# There is insufficient memory for the Java Runtime Environment to continue.
# Native memory allocation (malloc) failed to allocate 1048576 bytes for AllocateHeap
# Possible reasons:
#   The system is out of physical RAM or swap space
#   The process is running with CompressedOops enabled, and the Java Heap may be blocking the growth of the native heap
# Possible solutions:
#   Reduce memory load on the system
#   Increase physical memory or swap space
#   Check if swap backing store is full
#   Decrease Java heap size (-Xmx/-Xms)
#   Decrease number of Java threads
#   Decrease Java thread stack sizes (-Xss)
#   Set larger code cache with -XX:ReservedCodeCacheSize=
#   JVM is running with Zero Based Compressed Oops mode in which the Java heap is
#     placed in the first 32GB address space. The Java Heap base address is the
#     maximum limit for the native heap growth. Please use -XX:HeapBaseMinAddress
#     to set the Java Heap base and to place the Java Heap above 32GB virtual address.
# This output file may be truncated or incomplete.
#
#  Out of Memory Error (memory/allocation.inline.hpp:61), pid=47468, tid=0x000000000000ad08
#
# JRE version:  (8.0_361) (build )
# Java VM: Java HotSpot(TM) 64-Bit Server VM (25.361-b09 mixed mode windows-amd64 compressed oops)
# Failed to write core dump. Minidumps are not enabled by default on client versions of Windows
#

---------------  T H R E A D  ---------------

Current thread (0x00000276bee64000):  JavaThread "Unknown thread" [_thread_in_vm, id=44296, stack(0x000000c82fc00000,0x000000c82fd00000)]

Stack: [0x000000c82fc00000,0x000000c82fd00000]
Native frames: (J=compiled Java code, j=interpreted, Vv=VM code, C=native code)
V  [jvm.dll+0x3317a9]
V  [jvm.dll+0x277c4e]
V  [jvm.dll+0x27888d]
V  [jvm.dll+0x26f0d5]
V  [jvm.dll+0x509d]
V  [jvm.dll+0x3cca9c]
V  [jvm.dll+0x3c8e07]
V  [jvm.dll+0xfd0df]
V  [jvm.dll+0x20c29b]
V  [jvm.dll+0x23adc7]
V  [jvm.dll+0x1637b6]
C  [javaw.exe+0x2322]
C  [javaw.exe+0x16544]
C  [KERNEL32.DLL+0x155a0]
C  [ntdll.dll+0x485b]


---------------  P R O C E S S  ---------------

Java Threads: ( => current thread )

Other Threads:

=>0x00000276bee64000 (exited) JavaThread "Unknown thread" [_thread_in_vm, id=44296, stack(0x000000c82fc00000,0x000000c82fd00000)]

VM state:not at safepoint (normal execution)

VM Mutex/Monitor currently owned by a thread: None

heap address: 0x00000005c2e00000, size: 8146 MB, Compressed Oops mode: Zero based, Oop shift amount: 3
Narrow klass base: 0x0000000000000000, Narrow klass shift: 3
Compressed class space size: 1073741824 Address: 0x00000007c0000000

Heap:
 PSYoungGen      total 152576K, used 2621K [0x0000000716500000, 0x0000000720f00000, 0x00000007c0000000)
  eden space 131072K, 2% used [0x0000000716500000,0x000000071678f5d0,0x000000071e500000)
  from space 21504K, 0% used [0x000000071fa00000,0x000000071fa00000,0x0000000720f00000)
  to   space 21504K, 0% used [0x000000071e500000,0x000000071e500000,0x000000071fa00000)
 ParOldGen       total 348160K, used 0K [0x00000005c2e00000, 0x00000005d8200000, 0x0000000716500000)
  object space 348160K, 0% used [0x00000005c2e00000,0x00000005c2e00000,0x00000005d8200000)
 Metaspace       used 751K, capacity 4480K, committed 4480K, reserved 1056768K
  class space    used 76K, capacity 384K, committed 384K, reserved 1048576K

Card table byte_map: [0x00000276cfc90000,0x00000276d0c80000] byte_map_base: 0x00000276cce79000

Marking Bits: (ParMarkBitMap*) 0x0000000063e2b090
 Begin Bits: [0x00000276d1720000, 0x00000276d9668000)
 End Bits:   [0x00000276d9668000, 0x00000276e15b0000)

Polling page: 0x00000276bf050000

CodeCache: size=245760Kb used=329Kb max_used=329Kb free=245430Kb
 bounds [0x00000276c08d0000, 0x00000276c0b40000, 0x00000276cf8d0000]
 total_blobs=58 nmethods=0 adapters=38
 compilation: enabled

Compilation events (0 events):
No events

GC Heap History (0 events):
No events

Deoptimization events (0 events):
No events

Classes redefined (0 events):
No events

Internal exceptions (0 events):
No events

Events (10 events):
Event: 0.012 loading class java/lang/Short
Event: 0.012 loading class java/lang/Short done
Event: 0.012 loading class java/lang/Integer
Event: 0.012 loading class java/lang/Integer done
Event: 0.012 loading class java/lang/Long
Event: 0.012 loading class java/lang/Long done
Event: 0.013 loading class java/lang/NullPointerException
Event: 0.013 loading class java/lang/NullPointerException done
Event: 0.013 loading class java/lang/ArithmeticException
Event: 0.013 loading class java/lang/ArithmeticException done


Dynamic libraries:
0x00007ff7f3d50000 - 0x00007ff7f3d97000 	C:\Program Files\Java\jre1.8.0_361\bin\javaw.exe
0x00007ffb22c00000 - 0x00007ffb22e09000 	C:\Windows\SYSTEM32\ntdll.dll
0x00007ffb21e80000 - 0x00007ffb21f3e000 	C:\Windows\System32\KERNEL32.DLL
0x00007ffb202a0000 - 0x00007ffb2061c000 	C:\Windows\System32\KERNELBASE.dll
0x00007ffb22530000 - 0x00007ffb225de000 	C:\Windows\System32\ADVAPI32.dll
0x00007ffb21ab0000 - 0x00007ffb21b53000 	C:\Windows\System32\msvcrt.dll
0x00007ffb21930000 - 0x00007ffb219ce000 	C:\Windows\System32\sechost.dll
0x00007ffb221c0000 - 0x00007ffb222e0000 	C:\Windows\System32\RPCRT4.dll
0x00007ffb21f40000 - 0x00007ffb220ed000 	C:\Windows\System32\USER32.dll
0x00007ffb20150000 - 0x00007ffb20176000 	C:\Windows\System32\win32u.dll
0x00007ffb21df0000 - 0x00007ffb21e19000 	C:\Windows\System32\GDI32.dll
0x00007ffb20800000 - 0x00007ffb20918000 	C:\Windows\System32\gdi32full.dll
0x00007ffb209e0000 - 0x00007ffb20a7d000 	C:\Windows\System32\msvcp_win.dll
0x00007ffb20180000 - 0x00007ffb20291000 	C:\Windows\System32\ucrtbase.dll
0x00007ffb0f0b0000 - 0x00007ffb0f355000 	C:\Windows\WinSxS\amd64_microsoft.windows.common-controls_6595b64144ccf1df_6.0.22000.120_none_9d947278b86cc467\COMCTL32.dll
0x00007ffb21850000 - 0x00007ffb21882000 	C:\Windows\System32\IMM32.DLL
0x00007ffb14970000 - 0x00007ffb14985000 	C:\Program Files\Java\jre1.8.0_361\bin\vcruntime140.dll
0x00007ffb0b940000 - 0x00007ffb0b9db000 	C:\Program Files\Java\jre1.8.0_361\bin\msvcp140.dll
0x0000000063640000 - 0x0000000063ea3000 	C:\Program Files\Java\jre1.8.0_361\bin\server\jvm.dll
0x00007ffb21890000 - 0x00007ffb21898000 	C:\Windows\System32\PSAPI.DLL
0x00007ffb0c5c0000 - 0x00007ffb0c5c9000 	C:\Windows\SYSTEM32\WSOCK32.dll
0x00007ffb218a0000 - 0x00007ffb2190f000 	C:\Windows\System32\WS2_32.dll
0x00007ffb1a010000 - 0x00007ffb1a01a000 	C:\Windows\SYSTEM32\VERSION.dll
0x00007ffb1a090000 - 0x00007ffb1a0c3000 	C:\Windows\SYSTEM32\WINMM.dll
0x00007ffb1f240000 - 0x00007ffb1f258000 	C:\Windows\SYSTEM32\kernel.appcore.dll
0x00007ffb1bad0000 - 0x00007ffb1bae0000 	C:\Program Files\Java\jre1.8.0_361\bin\verify.dll
0x00007ffb12b60000 - 0x00007ffb12b8b000 	C:\Program Files\Java\jre1.8.0_361\bin\java.dll
0x00007ffb14a40000 - 0x00007ffb14a58000 	C:\Program Files\Java\jre1.8.0_361\bin\zip.dll
0x00007ffb13960000 - 0x00007ffb13b81000 	C:\Windows\SYSTEM32\dbghelp.dll
0x00007ffb200d0000 - 0x00007ffb2014f000 	C:\Windows\System32\bcryptPrimitives.dll

VM Arguments:
jvm_args: -Dfile.encoding=UTF-8 
java_command: 화면DB연결.StartUI
java_class_path (initial): D:\eclipse-workspaces\MiniProject\bin;C:\Users\user\Downloads\ojdbc6_2.0.4.jar
Launcher Type: SUN_STANDARD

Environment Variables:
PATH=C:/Program Files/Java/jre1.8.0_361/bin/server;C:/Program Files/Java/jre1.8.0_361/bin;C:/Program Files/Java/jre1.8.0_361/lib/amd64;C:\oraclexe\app\oracle\product\11.2.0\server\bin;C:\Program Files (x86)\Common Files\Oracle\Java\javapath;C:\Windows\system32;C:\Windows;C:\Windows\System32\Wbem;C:\Windows\System32\WindowsPowerShell\v1.0\;C:\Windows\System32\OpenSSH\;C:\Program Files (x86)\NVIDIA Corporation\PhysX\Common;C:\Program Files\NVIDIA Corporation\NVIDIA NvDLISR;C:\Program Files\dotnet\;C:\Program Files\Git\cmd;C:\Python\Python311\Scripts\;C:\Python\Python311\;C:\Users\user\AppData\Local\Microsoft\WindowsApps;;C:\Users\user\AppData\Local\Programs\Microsoft VS Code\bin;C:\ecplise\eclipse;
USERNAME=user
OS=Windows_NT
PROCESSOR_IDENTIFIER=Intel64 Family 6 Model 151 Stepping 2, GenuineIntel



---------------  S Y S T E M  ---------------

OS: Windows 11 , 64 bit Build 22000 (10.0.22000.1516)

CPU:total 20 (initial active 20) (10 cores per cpu, 2 threads per core) family 6 model 151 stepping 2, cmov, cx8, fxsr, mmx, sse, sse2, sse3, ssse3, sse4.1, sse4.2, popcnt, avx, avx2, aes, clmul, erms, 3dnowpref, lzcnt, ht, tsc, tscinvbit, bmi1, bmi2, adx

Memory: 4k page, physical 33363384k(18926664k free), swap 134026680k(5504k free)

vm_info: Java HotSpot(TM) 64-Bit Server VM (25.361-b09) for windows-amd64 JRE (1.8.0_361-b09), built on Jan  9 2023 08:38:53 by "java_re" with MS VC++ 15.9 (VS2017)

time: Mon Mar 13 16:55:49 2023
timezone: Intel64 Family 6 Model 151 Stepping 2, GenuineIntel
elapsed time: 0.017941 seconds (0d 0h 0m 0s)

